<?xml version="1.0" encoding="UTF-8"?>
<testsuite xmlns:xsi="http://www.w3.org/2001/XMLSchema-instance" xsi:noNamespaceSchemaLocation="https://maven.apache.org/surefire/maven-surefire-plugin/xsd/surefire-test-report-3.0.xsd" version="3.0" name="assignment2.example.assignment.AssignmentApplicationTests" time="22.872" tests="1" errors="0" skipped="0" failures="0">
  <properties>
[...]
</properties>
  <testcase name="contextLoads" classname="assignment2.example.assignment.AssignmentApplicationTests" time="17.851">
    <system-out><![CDATA[17:11:26.288 [main] INFO org.springframework.test.context.support.AnnotationConfigContextLoaderUtils -- Could not detect default configuration classes for test class [assignment2.example.assignment.AssignmentApplicationTests]: AssignmentApplicationTests does not declare any static, non-private, non-final, nested classes annotated with @Configuration.
17:11:26.605 [main] INFO org.springframework.boot.test.context.SpringBootTestContextBootstrapper -- Found @SpringBootConfiguration assignment2.example.assignment.AssignmentApplication for test class assignment2.example.assignment.AssignmentApplicationTests
17:11:27.361 [main] INFO org.springframework.boot.devtools.restart.RestartApplicationListener -- Restart disabled due to context in which it is running

  .   ____          _            __ _ _
 /\\ / ___'_ __ _ _(_)_ __  __ _ \ \ \ \
( ( )\___ | '_ | '_| | '_ \/ _` | \ \ \ \
 \\/  ___)| |_)| | | | | || (_| |  ) ) ) )
  '  |____| .__|_| |_|_| |_\__, | / / / /
 =========|_|==============|___/=/_/_/_/
 :: Spring Boot ::                (v3.2.2)

2024-02-04T17:11:28.218-05:00  INFO 5524 --- [           main] a.e.a.AssignmentApplicationTests         : Starting AssignmentApplicationTests using Java 20.0.2 with PID 5524 (started by Owner in C:\Users\Owner\OneDrive - UNCG\CSC340 projects\assignment-2)
2024-02-04T17:11:28.221-05:00  INFO 5524 --- [           main] a.e.a.AssignmentApplicationTests         : No active profile set, falling back to 1 default profile: "default"
2024-02-04T17:11:30.652-05:00  INFO 5524 --- [           main] a.e.a.AssignmentApplicationTests         : Started AssignmentApplicationTests in 3.367 seconds (process running for 6.361)
]]></system-out>
  </testcase>
</testsuite>